============================= test session starts =============================
platform win32 -- Python 3.14.3, pytest-9.1.0, pluggy-1.6.0 -- C:\Users\Administrator\agent\.venv\Scripts\python.exe
cachedir: .pytest_cache
rootdir: C:\Users\Administrator\agent
configfile: pytest.ini (WARNING: ignoring pytest config in pyproject.toml!)
plugins: anyio-4.13.0, cov-7.1.0
collecting ... collected 374 items / 4 errors

=================================== ERRORS ====================================
___________ ERROR collecting tests/integration/check_5xx_source.py ____________
c:\python314\Lib\urllib\request.py:1321: in do_open
    h.request(req.get_method(), req.selector, req.data, headers,
c:\python314\Lib\http\client.py:1358: in request
    self._send_request(method, url, body, headers, encode_chunked)
c:\python314\Lib\http\client.py:1404: in _send_request
    self.endheaders(body, encode_chunked=encode_chunked)
c:\python314\Lib\http\client.py:1353: in endheaders
    self._send_output(message_body, encode_chunked=encode_chunked)
c:\python314\Lib\http\client.py:1113: in _send_output
    self.send(msg)
c:\python314\Lib\http\client.py:1057: in send
    self.connect()
c:\python314\Lib\http\client.py:1023: in connect
    self.sock = self._create_connection(
c:\python314\Lib\socket.py:870: in create_connection
    raise exceptions[0]
c:\python314\Lib\socket.py:855: in create_connection
    sock.connect(sa)
E   ConnectionRefusedError: [WinError 10061] 鐢变簬鐩爣璁＄畻鏈虹Н鏋佹嫆缁濓紝鏃犳硶杩炴帴銆?

During handling of the above exception, another exception occurred:
tests\integration\check_5xx_source.py:25: in <module>
    res = query(q)
          ^^^^^^^^
tests\integration\check_5xx_source.py:10: in query
    with urllib.request.urlopen(url, timeout=10) as resp:
         ^^^^^^^^^^^^^^^^^^^^^^^^^^^^^^^^^^^^^^^
c:\python314\Lib\urllib\request.py:187: in urlopen
    return opener.open(url, data, timeout)
           ^^^^^^^^^^^^^^^^^^^^^^^^^^^^^^^
c:\python314\Lib\urllib\request.py:487: in open
    response = self._open(req, data)
               ^^^^^^^^^^^^^^^^^^^^^
c:\python314\Lib\urllib\request.py:504: in _open
    result = self._call_chain(self.handle_open, protocol, protocol +
c:\python314\Lib\urllib\request.py:464: in _call_chain
    result = func(*args)
             ^^^^^^^^^^^
c:\python314\Lib\urllib\request.py:1350: in http_open
    return self.do_open(http.client.HTTPConnection, req)
           ^^^^^^^^^^^^^^^^^^^^^^^^^^^^^^^^^^^^^^^^^^^^^
c:\python314\Lib\urllib\request.py:1324: in do_open
    raise URLError(err)
E   urllib.error.URLError: <urlopen error [WinError 10061] 鐢变簬鐩爣璁＄畻鏈虹Н鏋佹嫆缁濓紝鏃犳硶杩炴帴銆?
------------------------------- Captured stdout -------------------------------
============================================================
褰撳墠 5xx 閿欒鎸?endpoint 鍒嗗竷
============================================================

[褰撳墠 5xx 鎬绘暟]
____________ ERROR collecting tests/integration/check_baseline.py _____________
c:\python314\Lib\urllib\request.py:1321: in do_open
    h.request(req.get_method(), req.selector, req.data, headers,
c:\python314\Lib\http\client.py:1358: in request
    self._send_request(method, url, body, headers, encode_chunked)
c:\python314\Lib\http\client.py:1404: in _send_request
    self.endheaders(body, encode_chunked=encode_chunked)
c:\python314\Lib\http\client.py:1353: in endheaders
    self._send_output(message_body, encode_chunked=encode_chunked)
c:\python314\Lib\http\client.py:1113: in _send_output
    self.send(msg)
c:\python314\Lib\http\client.py:1057: in send
    self.connect()
c:\python314\Lib\http\client.py:1023: in connect
    self.sock = self._create_connection(
c:\python314\Lib\socket.py:870: in create_connection
    raise exceptions[0]
c:\python314\Lib\socket.py:855: in create_connection
    sock.connect(sa)
E   ConnectionRefusedError: [WinError 10061] 鐢变簬鐩爣璁＄畻鏈虹Н鏋佹嫆缁濓紝鏃犳硶杩炴帴銆?

During handling of the above exception, another exception occurred:
tests\integration\check_baseline.py:25: in <module>
    rules = get_rules()
            ^^^^^^^^^^^
tests\integration\check_baseline.py:18: in get_rules
    with urllib.request.urlopen(f"{PROM}/api/v1/rules", timeout=10) as resp:
         ^^^^^^^^^^^^^^^^^^^^^^^^^^^^^^^^^^^^^^^^^^^^^^^^^^^^^^^^^^
c:\python314\Lib\urllib\request.py:187: in urlopen
    return opener.open(url, data, timeout)
           ^^^^^^^^^^^^^^^^^^^^^^^^^^^^^^^
c:\python314\Lib\urllib\request.py:487: in open
    response = self._open(req, data)
               ^^^^^^^^^^^^^^^^^^^^^
c:\python314\Lib\urllib\request.py:504: in _open
    result = self._call_chain(self.handle_open, protocol, protocol +
c:\python314\Lib\urllib\request.py:464: in _call_chain
    result = func(*args)
             ^^^^^^^^^^^
c:\python314\Lib\urllib\request.py:1350: in http_open
    return self.do_open(http.client.HTTPConnection, req)
           ^^^^^^^^^^^^^^^^^^^^^^^^^^^^^^^^^^^^^^^^^^^^^
c:\python314\Lib\urllib\request.py:1324: in do_open
    raise URLError(err)
E   urllib.error.URLError: <urlopen error [WinError 10061] 鐢变簬鐩爣璁＄畻鏈虹Н鏋佹嫆缁濓紝鏃犳硶杩炴帴銆?
------------------------------- Captured stdout -------------------------------
============================================================
瑙勫垯缁勫垪琛?
============================================================
_____________ ERROR collecting tests/integration/check_targets.py _____________
c:\python314\Lib\urllib\request.py:1321: in do_open
    h.request(req.get_method(), req.selector, req.data, headers,
c:\python314\Lib\http\client.py:1358: in request
    self._send_request(method, url, body, headers, encode_chunked)
c:\python314\Lib\http\client.py:1404: in _send_request
    self.endheaders(body, encode_chunked=encode_chunked)
c:\python314\Lib\http\client.py:1353: in endheaders
    self._send_output(message_body, encode_chunked=encode_chunked)
c:\python314\Lib\http\client.py:1113: in _send_output
    self.send(msg)
c:\python314\Lib\http\client.py:1057: in send
    self.connect()
c:\python314\Lib\http\client.py:1023: in connect
    self.sock = self._create_connection(
c:\python314\Lib\socket.py:870: in create_connection
    raise exceptions[0]
c:\python314\Lib\socket.py:855: in create_connection
    sock.connect(sa)
E   ConnectionRefusedError: [WinError 10061] 鐢变簬鐩爣璁＄畻鏈虹Н鏋佹嫆缁濓紝鏃犳硶杩炴帴銆?

During handling of the above exception, another exception occurred:
tests\integration\check_targets.py:11: in <module>
    with urllib.request.urlopen(f"{PROM}/api/v1/targets", timeout=10) as resp:
         ^^^^^^^^^^^^^^^^^^^^^^^^^^^^^^^^^^^^^^^^^^^^^^^^^^^^^^^^^^^^
c:\python314\Lib\urllib\request.py:187: in urlopen
    return opener.open(url, data, timeout)
           ^^^^^^^^^^^^^^^^^^^^^^^^^^^^^^^
c:\python314\Lib\urllib\request.py:487: in open
    response = self._open(req, data)
               ^^^^^^^^^^^^^^^^^^^^^
c:\python314\Lib\urllib\request.py:504: in _open
    result = self._call_chain(self.handle_open, protocol, protocol +
c:\python314\Lib\urllib\request.py:464: in _call_chain
    result = func(*args)
             ^^^^^^^^^^^
c:\python314\Lib\urllib\request.py:1350: in http_open
    return self.do_open(http.client.HTTPConnection, req)
           ^^^^^^^^^^^^^^^^^^^^^^^^^^^^^^^^^^^^^^^^^^^^^
c:\python314\Lib\urllib\request.py:1324: in do_open
    raise URLError(err)
E   urllib.error.URLError: <urlopen error [WinError 10061] 鐢变簬鐩爣璁＄畻鏈虹Н鏋佹嫆缁濓紝鏃犳硶杩炴帴銆?
------------------------------- Captured stdout -------------------------------
============================================================
Prometheus Targets 鐘舵€?
============================================================
________ ERROR collecting tests/integration/test_trace_integration.py _________
ImportError while importing test module 'C:\Users\Administrator\agent\tests\integration\test_trace_integration.py'.
Hint: make sure your test modules/packages have valid Python names.
Traceback:
.venv\Lib\site-packages\_pytest\python.py:508: in importtestmodule
    mod = import_path(
.venv\Lib\site-packages\_pytest\pathlib.py:596: in import_path
    importlib.import_module(module_name)
c:\python314\Lib\importlib\__init__.py:88: in import_module
    return _bootstrap._gcd_import(name[level:], package, level)
           ^^^^^^^^^^^^^^^^^^^^^^^^^^^^^^^^^^^^^^^^^^^^^^^^^^^^
<frozen importlib._bootstrap>:1398: in _gcd_import
    ???
<frozen importlib._bootstrap>:1371: in _find_and_load
    ???
<frozen importlib._bootstrap>:1342: in _find_and_load_unlocked
    ???
<frozen importlib._bootstrap>:938: in _load_unlocked
    ???
.venv\Lib\site-packages\_pytest\assertion\rewrite.py:188: in exec_module
    exec(co, module.__dict__)
tests\integration\test_trace_integration.py:17: in <module>
    from agent.monitoring import (
E   ImportError: cannot import name 'set_span_id' from 'agent.monitoring' (C:\Users\Administrator\agent\agent\monitoring\__init__.py)
================================ 娴嬭瘯澶辫触 - 闇€瑕佷慨澶嶏紒鉁?================================

娴嬭瘯缁熻:
  閫氳繃: 0
  澶辫触: 0
  璺宠繃: 0
=========================== short test summary info ===========================
ERROR tests/integration/check_5xx_source.py - urllib.error.URLError: <urlopen error [WinError 10061] 鐢变簬鐩爣璁＄畻鏈虹Н鏋佹嫆缁濓紝鏃犳硶杩炴帴銆?
ERROR tests/integration/check_baseline.py - urllib.error.URLError: <urlopen error [WinError 10061] 鐢变簬鐩爣璁＄畻鏈虹Н鏋佹嫆缁濓紝鏃犳硶杩炴帴銆?
ERROR tests/integration/check_targets.py - urllib.error.URLError: <urlopen error [WinError 10061] 鐢变簬鐩爣璁＄畻鏈虹Н鏋佹嫆缁濓紝鏃犳硶杩炴帴銆?
ERROR tests/integration/test_trace_integration.py
!!!!!!!!!!!!!!!!!!! Interrupted: 4 errors during collection !!!!!!!!!!!!!!!!!!!
============================= 4 errors in 14.44s ==============================
