2026-05-31 01:51:07,464 - agent.digital_life - INFO - [ok] 规划引擎模块已加载
2026-05-31 01:51:07,470 - agent.digital_life - INFO - [ok] 向量记忆模块已加载
2026-05-31 01:51:07,473 - agent.monitoring.metrics - INFO - [Metrics] 指标收集器已初始化
2026-05-31 01:51:07,497 - agent.digital_life - INFO - [ok] 性能监控模块已加载
2026-05-31 01:51:07,498 - agent.digital_life - INFO - [ok] 语音模块已加载
2026-05-31 01:51:07,612 - agent.digital_life - INFO - [ok] OCR模块已加载
2026-05-31 01:51:07,633 - root - INFO - ================================================================================
2026-05-31 01:51:07,634 - root - INFO -   VectorStore 测试开始
2026-05-31 01:51:07,634 - root - INFO - ================================================================================
2026-05-31 01:51:07,635 - root - INFO - 使用临时目录: C:\Windows\TEMP\tmp7ltcxbly
2026-05-31 01:51:07,636 - root - INFO - ------------------------------------------------------------
2026-05-31 01:51:07,636 - root - INFO - 步骤 1: 初始化 VectorStore
2026-05-31 01:51:07,636 - root - INFO - ------------------------------------------------------------
2026-05-31 01:51:07,636 - agent.memory.vector_store - INFO - [VectorStore] __init__ 开始初始化
2026-05-31 01:51:07,637 - agent.memory.vector_store - INFO - [VectorStore] 创建底层存储: type=json, base_dir=C:\Windows\TEMP\tmp7ltcxbly
2026-05-31 01:51:07,637 - core.storage - INFO - [create_storage] 开始创建存储: type=json, kwargs={'base_dir': 'C:\\Windows\\TEMP\\tmp7ltcxbly'}
2026-05-31 01:51:07,637 - core.storage - INFO - [create_storage] 创建 JSONFileStorage
2026-05-31 01:51:07,637 - core.storage - INFO - [JSONFileStorage] __init__ 开始初始化
2026-05-31 01:51:07,637 - core.storage - INFO - [JSONFileStorage] 基础目录: C:\Windows\TEMP\tmp7ltcxbly
2026-05-31 01:51:07,638 - core.storage - INFO - [JSONFileStorage] 确保目录存在: C:\Windows\TEMP\tmp7ltcxbly
2026-05-31 01:51:07,638 - core.storage - INFO - [JSONFileStorage] 目录创建/检查完成
2026-05-31 01:51:07,638 - core.storage - INFO - 📦 JSONFileStorage initialized: C:\Windows\TEMP\tmp7ltcxbly
2026-05-31 01:51:07,639 - core.storage - INFO - [JSONFileStorage] __init__ 初始化完成
2026-05-31 01:51:07,639 - core.storage - INFO - [create_storage] JSONFileStorage 创建完成
2026-05-31 01:51:07,639 - agent.memory.vector_store - INFO - [VectorStore._load] 开始加载: key=test_collection
2026-05-31 01:51:07,639 - agent.memory.vector_store - INFO - 📂 加载记忆文件
2026-05-31 01:51:07,639 - core.storage - INFO - [JSONFileStorage.load] 开始加载: key=test_collection, default=[]
2026-05-31 01:51:07,640 - core.storage - WARNING - [JSONFileStorage.load] 文件不存在: C:\Windows\TEMP\tmp7ltcxbly\test_collection.json, 返回默认值
2026-05-31 01:51:07,640 - agent.memory.vector_store - INFO -    ├─ 文件存在: False
2026-05-31 01:51:07,640 - agent.memory.vector_store - INFO -    └─ ✅ 新建空记忆库
2026-05-31 01:51:07,640 - agent.memory.vector_store - INFO - 向量存储初始化完成: test_collection
2026-05-31 01:51:07,640 - agent.memory.vector_store - INFO -    ├─ 集合名称: test_collection
2026-05-31 01:51:07,641 - agent.memory.vector_store - INFO -    ├─ 持久化目录: C:\Windows\TEMP\tmp7ltcxbly
2026-05-31 01:51:07,641 - agent.memory.vector_store - INFO -    ├─ 存储键: test_collection
2026-05-31 01:51:07,641 - agent.memory.vector_store - INFO -    └─ 当前记忆数: 0
2026-05-31 01:51:07,641 - agent.memory.vector_store - INFO - [VectorStore] __init__ 初始化完成
2026-05-31 01:51:07,641 - root - INFO - ✅ VectorStore 初始化成功
2026-05-31 01:51:07,641 - root - INFO - 
2026-05-31 01:51:07,641 - root - INFO - ------------------------------------------------------------
2026-05-31 01:51:07,641 - root - INFO - 步骤 2: 添加测试记忆
2026-05-31 01:51:07,641 - root - INFO - ------------------------------------------------------------
2026-05-31 01:51:07,642 - agent.memory.vector_store - INFO - [VectorStore.add] 开始添加记忆
2026-05-31 01:51:07,642 - agent.memory.vector_store - INFO - [VectorStore._save] 开始保存: key=test_collection
2026-05-31 01:51:07,642 - core.storage - INFO - [JSONFileStorage.save] 开始保存: key=test_collection
2026-05-31 01:51:07,642 - core.storage - INFO - [JSONFileStorage.save] 写入文件: C:\Windows\TEMP\tmp7ltcxbly\test_collection.json
2026-05-31 01:51:07,643 - core.storage - INFO - [JSONFileStorage.save] 写入成功: C:\Windows\TEMP\tmp7ltcxbly\test_collection.json
2026-05-31 01:51:07,643 - core.storage - INFO - 📤 Saved: test_collection
2026-05-31 01:51:07,643 - agent.memory.vector_store - INFO - ✅ 添加记忆: mem_20260531_015107_642861
2026-05-31 01:51:07,644 - agent.memory.vector_store - INFO -    ├─ 内容: 这是第一条测试记忆，关于Python编程...
2026-05-31 01:51:07,644 - agent.memory.vector_store - INFO -    ├─ 元数据: {'category': 'programming', 'lang': 'python', 'created_at': '2026-05-31T01:51:07.642861'}
2026-05-31 01:51:07,644 - agent.memory.vector_store - INFO -    └─ 当前总数: 1
2026-05-31 01:51:07,644 - agent.memory.vector_store - INFO - [VectorStore.add] 开始添加记忆
2026-05-31 01:51:07,644 - agent.memory.vector_store - INFO - [VectorStore._save] 开始保存: key=test_collection
2026-05-31 01:51:07,645 - core.storage - INFO - [JSONFileStorage.save] 开始保存: key=test_collection
2026-05-31 01:51:07,645 - core.storage - INFO - [JSONFileStorage.save] 写入文件: C:\Windows\TEMP\tmp7ltcxbly\test_collection.json
2026-05-31 01:51:07,646 - core.storage - INFO - [JSONFileStorage.save] 写入成功: C:\Windows\TEMP\tmp7ltcxbly\test_collection.json
2026-05-31 01:51:07,646 - core.storage - INFO - 📤 Saved: test_collection
2026-05-31 01:51:07,646 - agent.memory.vector_store - INFO - ✅ 添加记忆: mem_20260531_015107_644871
2026-05-31 01:51:07,646 - agent.memory.vector_store - INFO -    ├─ 内容: 这是第二条测试记忆，关于人工智能和机器学习...
2026-05-31 01:51:07,646 - agent.memory.vector_store - INFO -    ├─ 元数据: {'category': 'ai', 'topic': 'machine_learning', 'created_at': '2026-05-31T01:51:07.644871'}
2026-05-31 01:51:07,647 - agent.memory.vector_store - INFO -    └─ 当前总数: 2
2026-05-31 01:51:07,647 - agent.memory.vector_store - INFO - [VectorStore.add] 开始添加记忆
2026-05-31 01:51:07,647 - agent.memory.vector_store - INFO - [VectorStore._save] 开始保存: key=test_collection
2026-05-31 01:51:07,647 - core.storage - INFO - [JSONFileStorage.save] 开始保存: key=test_collection
2026-05-31 01:51:07,647 - core.storage - INFO - [JSONFileStorage.save] 写入文件: C:\Windows\TEMP\tmp7ltcxbly\test_collection.json
2026-05-31 01:51:07,648 - core.storage - INFO - [JSONFileStorage.save] 写入成功: C:\Windows\TEMP\tmp7ltcxbly\test_collection.json
2026-05-31 01:51:07,648 - core.storage - INFO - 📤 Saved: test_collection
2026-05-31 01:51:07,648 - agent.memory.vector_store - INFO - ✅ 添加记忆: mem_20260531_015107_647392
2026-05-31 01:51:07,648 - agent.memory.vector_store - INFO -    ├─ 内容: 第三条测试记忆，关于向量存储和数据库...
2026-05-31 01:51:07,648 - agent.memory.vector_store - INFO -    ├─ 元数据: {'category': 'database', 'topic': 'vector_db', 'created_at': '2026-05-31T01:51:07.647392'}
2026-05-31 01:51:07,649 - agent.memory.vector_store - INFO -    └─ 当前总数: 3
2026-05-31 01:51:07,649 - root - INFO - ✅ 已添加 3 条记忆
2026-05-31 01:51:07,649 - root - INFO - 
2026-05-31 01:51:07,649 - root - INFO - ------------------------------------------------------------
2026-05-31 01:51:07,649 - root - INFO - 步骤 3: 测试搜索
2026-05-31 01:51:07,649 - root - INFO - ------------------------------------------------------------
2026-05-31 01:51:07,649 - agent.memory.vector_store - INFO - [VectorStore.search] 开始搜索
2026-05-31 01:51:07,650 - agent.memory.vector_store - INFO - 🔍 搜索记忆: query='人工智能...', top_k=2
2026-05-31 01:51:07,650 - agent.memory.vector_store - INFO -    └─ 当前记忆总数: 3
2026-05-31 01:51:07,650 - agent.memory.vector_store - INFO -    ├─ 匹配结果数: 1
2026-05-31 01:51:07,650 - agent.memory.vector_store - INFO -    │  1. [分数: 2026-05-31T01:51:07.644871] 这是第二条测试记忆，关于人工智能和机器学习...
2026-05-31 01:51:07,650 - agent.memory.vector_store - INFO -    └─ 返回: 1 条
2026-05-31 01:51:07,650 - root - INFO - ✅ 搜索返回 1 条结果
2026-05-31 01:51:07,650 - root - INFO - 
2026-05-31 01:51:07,651 - root - INFO - ------------------------------------------------------------
2026-05-31 01:51:07,651 - root - INFO - 步骤 4: 清空记忆
2026-05-31 01:51:07,651 - root - INFO - ------------------------------------------------------------
2026-05-31 01:51:07,651 - agent.memory.vector_store - INFO - [VectorStore.clear] 开始清空
2026-05-31 01:51:07,651 - agent.memory.vector_store - INFO - [VectorStore._save] 开始保存: key=test_collection
2026-05-31 01:51:07,651 - core.storage - INFO - [JSONFileStorage.save] 开始保存: key=test_collection
2026-05-31 01:51:07,651 - core.storage - INFO - [JSONFileStorage.save] 写入文件: C:\Windows\TEMP\tmp7ltcxbly\test_collection.json
2026-05-31 01:51:07,652 - core.storage - INFO - [JSONFileStorage.save] 写入成功: C:\Windows\TEMP\tmp7ltcxbly\test_collection.json
2026-05-31 01:51:07,652 - core.storage - INFO - 📤 Saved: test_collection
2026-05-31 01:51:07,652 - agent.memory.vector_store - INFO - 🗑️ 记忆已清空
2026-05-31 01:51:07,652 - agent.memory.vector_store - INFO -    ├─ 清空前: 3 条
2026-05-31 01:51:07,652 - agent.memory.vector_store - INFO -    └─ 清空后: 0 条
2026-05-31 01:51:07,652 - root - INFO - ✅ 清空成功
2026-05-31 01:51:07,653 - root - INFO - 
2026-05-31 01:51:07,653 - root - INFO - ================================================================================
2026-05-31 01:51:07,653 - root - INFO -   VectorStore 测试完成
2026-05-31 01:51:07,654 - root - INFO - ================================================================================
2026-05-31 01:51:07,654 - root - INFO - 
2026-05-31 01:51:07,654 - root - INFO - ================================================================================
2026-05-31 01:51:07,654 - root - INFO -   KnowledgeBase 测试开始
2026-05-31 01:51:07,654 - root - INFO - ================================================================================
2026-05-31 01:51:07,655 - root - INFO - 使用临时目录: C:\Windows\TEMP\tmpu_s4c6fx
2026-05-31 01:51:07,655 - agent.memory.vector_store - INFO - [VectorStore] __init__ 开始初始化
2026-05-31 01:51:07,655 - agent.memory.vector_store - INFO - [VectorStore] 创建底层存储: type=json, base_dir=C:\Windows\TEMP\tmpu_s4c6fx
2026-05-31 01:51:07,656 - core.storage - INFO - [create_storage] 开始创建存储: type=json, kwargs={'base_dir': 'C:\\Windows\\TEMP\\tmpu_s4c6fx'}
2026-05-31 01:51:07,656 - core.storage - INFO - [create_storage] 创建 JSONFileStorage
2026-05-31 01:51:07,656 - core.storage - INFO - [JSONFileStorage] __init__ 开始初始化
2026-05-31 01:51:07,656 - core.storage - INFO - [JSONFileStorage] 基础目录: C:\Windows\TEMP\tmpu_s4c6fx
2026-05-31 01:51:07,656 - core.storage - INFO - [JSONFileStorage] 确保目录存在: C:\Windows\TEMP\tmpu_s4c6fx
2026-05-31 01:51:07,657 - core.storage - INFO - [JSONFileStorage] 目录创建/检查完成
2026-05-31 01:51:07,657 - core.storage - INFO - 📦 JSONFileStorage initialized: C:\Windows\TEMP\tmpu_s4c6fx
2026-05-31 01:51:07,657 - core.storage - INFO - [JSONFileStorage] __init__ 初始化完成
2026-05-31 01:51:07,657 - core.storage - INFO - [create_storage] JSONFileStorage 创建完成
2026-05-31 01:51:07,657 - agent.memory.vector_store - INFO - [VectorStore._load] 开始加载: key=test_kb
2026-05-31 01:51:07,658 - agent.memory.vector_store - INFO - 📂 加载记忆文件
2026-05-31 01:51:07,658 - core.storage - INFO - [JSONFileStorage.load] 开始加载: key=test_kb, default=[]
2026-05-31 01:51:07,658 - core.storage - WARNING - [JSONFileStorage.load] 文件不存在: C:\Windows\TEMP\tmpu_s4c6fx\test_kb.json, 返回默认值
2026-05-31 01:51:07,658 - agent.memory.vector_store - INFO -    ├─ 文件存在: False
2026-05-31 01:51:07,658 - agent.memory.vector_store - INFO -    └─ ✅ 新建空记忆库
2026-05-31 01:51:07,658 - agent.memory.vector_store - INFO - 向量存储初始化完成: test_kb
2026-05-31 01:51:07,659 - agent.memory.vector_store - INFO -    ├─ 集合名称: test_kb
2026-05-31 01:51:07,659 - agent.memory.vector_store - INFO -    ├─ 持久化目录: C:\Windows\TEMP\tmpu_s4c6fx
2026-05-31 01:51:07,659 - agent.memory.vector_store - INFO -    ├─ 存储键: test_kb
2026-05-31 01:51:07,659 - agent.memory.vector_store - INFO -    └─ 当前记忆数: 0
2026-05-31 01:51:07,659 - agent.memory.vector_store - INFO - [VectorStore] __init__ 初始化完成
2026-05-31 01:51:07,659 - root - INFO - ------------------------------------------------------------
2026-05-31 01:51:07,659 - root - INFO - 步骤 1: 添加文档
2026-05-31 01:51:07,659 - root - INFO - ------------------------------------------------------------
2026-05-31 01:51:07,661 - agent.memory.vector_store - INFO - [KnowledgeBase.add_document] source=test_source_1
2026-05-31 01:51:07,661 - agent.memory.vector_store - INFO - [VectorStore.add] 开始添加记忆
2026-05-31 01:51:07,661 - agent.memory.vector_store - INFO - [VectorStore._save] 开始保存: key=test_kb
2026-05-31 01:51:07,661 - core.storage - INFO - [JSONFileStorage.save] 开始保存: key=test_kb
2026-05-31 01:51:07,661 - core.storage - INFO - [JSONFileStorage.save] 写入文件: C:\Windows\TEMP\tmpu_s4c6fx\test_kb.json
2026-05-31 01:51:07,662 - core.storage - INFO - [JSONFileStorage.save] 写入成功: C:\Windows\TEMP\tmpu_s4c6fx\test_kb.json
2026-05-31 01:51:07,662 - core.storage - INFO - 📤 Saved: test_kb
2026-05-31 01:51:07,662 - agent.memory.vector_store - INFO - ✅ 添加记忆: mem_20260531_015107_661060
2026-05-31 01:51:07,662 - agent.memory.vector_store - INFO -    ├─ 内容: Python是一种高级编程语言，简洁优雅...
2026-05-31 01:51:07,662 - agent.memory.vector_store - INFO -    ├─ 元数据: {'type': 'document', 'source': 'test_source_1', 'tags': ['python', 'programming'], 'created_at': '2026-05-31T01:51:07.661060'}
2026-05-31 01:51:07,662 - agent.memory.vector_store - INFO -    └─ 当前总数: 1
2026-05-31 01:51:07,663 - agent.memory.vector_store - INFO - [KnowledgeBase.add_document] source=test_source_2
2026-05-31 01:51:07,663 - agent.memory.vector_store - INFO - [VectorStore.add] 开始添加记忆
2026-05-31 01:51:07,663 - agent.memory.vector_store - INFO - [VectorStore._save] 开始保存: key=test_kb
2026-05-31 01:51:07,663 - core.storage - INFO - [JSONFileStorage.save] 开始保存: key=test_kb
2026-05-31 01:51:07,663 - core.storage - INFO - [JSONFileStorage.save] 写入文件: C:\Windows\TEMP\tmpu_s4c6fx\test_kb.json
2026-05-31 01:51:07,664 - core.storage - INFO - [JSONFileStorage.save] 写入成功: C:\Windows\TEMP\tmpu_s4c6fx\test_kb.json
2026-05-31 01:51:07,664 - core.storage - INFO - 📤 Saved: test_kb
2026-05-31 01:51:07,664 - agent.memory.vector_store - INFO - ✅ 添加记忆: mem_20260531_015107_663063
2026-05-31 01:51:07,664 - agent.memory.vector_store - INFO -    ├─ 内容: 向量数据库用于存储和检索向量嵌入...
2026-05-31 01:51:07,664 - agent.memory.vector_store - INFO -    ├─ 元数据: {'type': 'document', 'source': 'test_source_2', 'tags': ['vector_db', 'ai'], 'created_at': '2026-05-31T01:51:07.663063'}
2026-05-31 01:51:07,665 - agent.memory.vector_store - INFO -    └─ 当前总数: 2
2026-05-31 01:51:07,665 - root - INFO - ✅ 文档添加成功
2026-05-31 01:51:07,665 - root - INFO - 
2026-05-31 01:51:07,665 - root - INFO - ------------------------------------------------------------
2026-05-31 01:51:07,665 - root - INFO - 步骤 2: 查询知识库
2026-05-31 01:51:07,665 - root - INFO - ------------------------------------------------------------
2026-05-31 01:51:07,666 - agent.memory.vector_store - INFO - [KnowledgeBase.query] question=向量数据库是什么...
2026-05-31 01:51:07,666 - agent.memory.vector_store - INFO - [VectorStore.search] 开始搜索
2026-05-31 01:51:07,666 - agent.memory.vector_store - INFO - 🔍 搜索记忆: query='向量数据库是什么...', top_k=2
2026-05-31 01:51:07,666 - agent.memory.vector_store - INFO -    └─ 当前记忆总数: 2
2026-05-31 01:51:07,666 - agent.memory.vector_store - INFO -    ├─ 匹配结果数: 1
2026-05-31 01:51:07,666 - agent.memory.vector_store - INFO -    │  1. [分数: 2026-05-31T01:51:07.663063] 向量数据库用于存储和检索向量嵌入...
2026-05-31 01:51:07,666 - agent.memory.vector_store - INFO -    └─ 返回: 1 条
2026-05-31 01:51:07,667 - root - INFO - ✅ 查询结果: 
【知识库检索结果】

1. 向量数据库用于存储和检索向量嵌入
   来源: test_source_2

2026-05-31 01:51:07,668 - root - INFO - 
2026-05-31 01:51:07,668 - root - INFO - ================================================================================
2026-05-31 01:51:07,668 - root - INFO -   KnowledgeBase 测试完成
2026-05-31 01:51:07,668 - root - INFO - ================================================================================
2026-05-31 01:51:07,668 - root - INFO - 
2026-05-31 01:51:07,668 - root - INFO - ================================================================================
2026-05-31 01:51:07,669 - root - INFO -   🎉 所有测试通过！
2026-05-31 01:51:07,669 - root - INFO -   详细日志已保存到: phase3_step1_debug.log
2026-05-31 01:51:07,669 - root - INFO - ================================================================================
