2026-06-24 20:58:47 [INFO] [diagnose] [diagnose:408] 日志文件: logs/diagnose_20260624_205847.log
2026-06-24 20:58:47 [INFO] [diagnose] [diagnose:74] 诊断工具初始化完成，目标地址: http://localhost:5678
2026-06-24 20:58:47 [INFO] [diagnose] [diagnose:78] ======================================================================
2026-06-24 20:58:47 [INFO] [diagnose] [diagnose:79] 开始执行全面诊断
2026-06-24 20:58:47 [INFO] [diagnose] [diagnose:80] 诊断时间: 2026-06-24 20:58:47
2026-06-24 20:58:47 [INFO] [diagnose] [diagnose:81] 目标服务: http://localhost:5678
2026-06-24 20:58:47 [INFO] [diagnose] [diagnose:82] ======================================================================
2026-06-24 20:58:47 [INFO] [diagnose] [diagnose:99] 
2026-06-24 20:58:47 [INFO] [diagnose] [diagnose:100] 【阶段1/4】健康检查
2026-06-24 20:58:47 [INFO] [diagnose] [diagnose:101] --------------------------------------------------
2026-06-24 20:58:47 [DEBUG] [diagnose] [diagnose:105] 开始执行健康检查...
2026-06-24 20:59:03 [INFO] [diagnose] [diagnose:108] 健康检查完成: 8/8 通过, 健康率: 100.0%
2026-06-24 20:59:03 [INFO] [diagnose] [diagnose:125] 
2026-06-24 20:59:03 [INFO] [diagnose] [diagnose:126] 【阶段2/4】指标分析
2026-06-24 20:59:03 [INFO] [diagnose] [diagnose:127] --------------------------------------------------
2026-06-24 20:59:03 [DEBUG] [diagnose] [diagnose:131] 开始执行指标分析...
2026-06-24 20:59:05 [WARNING] [diagnose] [diagnose:144] 未获取到延迟指标数据
2026-06-24 20:59:05 [INFO] [diagnose] [diagnose:148] 发现 2 个计数器指标
2026-06-24 20:59:05 [INFO] [diagnose] [diagnose:154] 
2026-06-24 20:59:05 [INFO] [diagnose] [diagnose:155] 【阶段3/4】日志分析
2026-06-24 20:59:05 [INFO] [diagnose] [diagnose:156] --------------------------------------------------
2026-06-24 20:59:05 [DEBUG] [diagnose] [diagnose:160] 开始获取日志数据...
2026-06-24 20:59:08 [INFO] [diagnose] [diagnose:162] 获取到 5 条日志
2026-06-24 20:59:08 [DEBUG] [diagnose] [diagnose:164] 开始分析日志...
2026-06-24 20:59:08 [INFO] [diagnose] [diagnose:168] 日志分析完成: 总计 5 条, 错误 0 个, 警告 0 个
2026-06-24 20:59:08 [INFO] [diagnose] [diagnose:183] 
2026-06-24 20:59:08 [INFO] [diagnose] [diagnose:184] 【阶段4/4】系统信息
2026-06-24 20:59:08 [INFO] [diagnose] [diagnose:185] --------------------------------------------------
2026-06-24 20:59:08 [DEBUG] [diagnose] [diagnose:189] 开始收集系统信息...
2026-06-24 20:59:08 [DEBUG] [diagnose] [diagnose:214] 开始收集系统信息...
2026-06-24 20:59:08 [DEBUG] [diagnose] [diagnose:222] 检查5678端口占用情况...
2026-06-24 20:59:08 [DEBUG] [diagnose] [diagnose:235] 5678端口状态: 占用
2026-06-24 20:59:08 [DEBUG] [diagnose] [diagnose:242] 检查Python进程...
2026-06-24 20:59:08 [DEBUG] [diagnose] [diagnose:255] Python进程: 存在
2026-06-24 20:59:08 [DEBUG] [diagnose] [diagnose:262] 检查当前工作目录...
2026-06-24 20:59:08 [INFO] [diagnose] [diagnose:193] Python版本: 3.12.0
2026-06-24 20:59:08 [INFO] [diagnose] [diagnose:194] 5678端口状态: 占用
2026-06-24 20:59:08 [INFO] [diagnose] [diagnose:195] Python进程: 存在
2026-06-24 20:59:08 [INFO] [diagnose] [diagnose:201] 
2026-06-24 20:59:08 [INFO] [diagnose] [diagnose:202] 生成诊断摘要...
2026-06-24 20:59:08 [DEBUG] [diagnose] [diagnose:273] 开始生成诊断摘要...
2026-06-24 20:59:08 [DEBUG] [diagnose] [diagnose:282] 评估健康检查结果...
2026-06-24 20:59:08 [DEBUG] [diagnose] [diagnose:297] 评估日志结果...
2026-06-24 20:59:08 [DEBUG] [diagnose] [diagnose:308] 评估指标结果...
2026-06-24 20:59:08 [DEBUG] [diagnose] [diagnose:318] 生成修复建议...
2026-06-24 20:59:08 [DEBUG] [diagnose] [diagnose:329] 摘要生成完成，状态: HEALTHY
2026-06-24 20:59:08 [INFO] [diagnose] [diagnose:205] 
2026-06-24 20:59:08 [INFO] [diagnose] [diagnose:206] ======================================================================
2026-06-24 20:59:08 [INFO] [diagnose] [diagnose:207] 诊断完成，整体状态: HEALTHY
2026-06-24 20:59:08 [INFO] [diagnose] [diagnose:208] ======================================================================
2026-06-24 20:59:08 [DEBUG] [diagnose] [diagnose:334] 打印诊断报告...
2026-06-24 20:59:08 [INFO] [diagnose] [diagnose:429] 诊断脚本执行完成
