{"timestamp": "2026-06-24T22:44:12", "level": "INFO", "logger": "agent.cognitive.failure_analysis", "message": "[FailureAnalysis] 初始化失败分析器，存储路径: C:\\Users\\Administrator\\agent\\agent\\cognitive\\..\\..\\data\\failures", "trace_id": "", "module_name": "", "action": "", "duration_ms": 0}
{"timestamp": "2026-06-24T22:44:12", "level": "INFO", "logger": "agent.cognitive.failure_analysis", "message": "[FailureAnalysis] 数据库初始化完成", "trace_id": "", "module_name": "", "action": "", "duration_ms": 0}
{"timestamp": "2026-06-24T22:44:12", "level": "INFO", "logger": "agent.cognitive.failure_collector", "message": "[FailureCollector] 添加告警规则: 严重API虚构告警 (critical_api_fiction)", "trace_id": "", "module_name": "", "action": "", "duration_ms": 0}
{"timestamp": "2026-06-24T22:44:12", "level": "INFO", "logger": "agent.cognitive.failure_collector", "message": "[FailureCollector] 添加告警规则: 高频数据虚构告警 (high_data_invention)", "trace_id": "", "module_name": "", "action": "", "duration_ms": 0}
{"timestamp": "2026-06-24T22:44:12", "level": "INFO", "logger": "agent.cognitive.failure_collector", "message": "[FailureCollector] 添加告警规则: 流程跳步告警 (flow_skip_warning)", "trace_id": "", "module_name": "", "action": "", "duration_ms": 0}
{"timestamp": "2026-06-24T22:44:12", "level": "INFO", "logger": "agent.cognitive.failure_collector", "message": "[FailureCollector] 添加告警规则: 任意严重失败告警 (any_critical)", "trace_id": "", "module_name": "", "action": "", "duration_ms": 0}
{"timestamp": "2026-06-24T22:44:12", "level": "INFO", "logger": "agent.cognitive.failure_collector", "message": "{\"trace_id\": \"\", \"module_name\": \"failure_collector\", \"action\": \"initialize\", \"rule_count\": 4, \"duration_ms\": 0, \"level\": \"INFO\"}", "trace_id": "", "module_name": "", "action": "", "duration_ms": 0}
{"timestamp": "2026-06-24T22:44:12", "level": "INFO", "logger": "agent.cognitive.failure_collector", "message": "[FailureCollector] 失败案例收集器初始化完成", "trace_id": "", "module_name": "", "action": "", "duration_ms": 0}
{"timestamp": "2026-06-24T22:44:12", "level": "INFO", "logger": "root", "message": "{\"trace_id\": \"\", \"module_name\": \"logging_config\", \"action\": \"setup_production_logging\", \"failure_collection\": \"enabled\", \"duration_ms\": 0, \"level\": \"INFO\"}", "trace_id": "", "module_name": "", "action": "", "duration_ms": 0}
{"timestamp": "2026-06-24T22:44:12", "level": "INFO", "logger": "root", "message": "生产环境日志系统配置完成", "trace_id": "", "module_name": "", "action": "", "duration_ms": 0}
{"timestamp": "2026-06-24T22:44:12", "level": "INFO", "logger": "root", "message": "生产环境配置完成", "trace_id": "", "module_name": "", "action": "", "duration_ms": 0}
{"timestamp": "2026-06-24T22:44:12", "level": "INFO", "logger": "root", "message": "已加载 4 条告警规则", "trace_id": "", "module_name": "", "action": "", "duration_ms": 0}
{"timestamp": "2026-06-24T22:44:12", "level": "INFO", "logger": "agent.prompt_manager.storage", "message": "[PromptManager] 初始化存储，路径: C:\\Windows\\TEMP\\prod_deploy__32nmmit\\prompts.db", "trace_id": "", "module_name": "", "action": "", "duration_ms": 0}
{"timestamp": "2026-06-24T22:44:41", "level": "INFO", "logger": "agent.cognitive.failure_analysis", "message": "[FailureAnalysis] 初始化失败分析器，存储路径: C:\\Users\\Administrator\\agent\\agent\\cognitive\\..\\..\\data\\failures", "trace_id": "", "module_name": "", "action": "", "duration_ms": 0}
{"timestamp": "2026-06-24T22:44:41", "level": "INFO", "logger": "agent.cognitive.failure_analysis", "message": "[FailureAnalysis] 数据库初始化完成", "trace_id": "", "module_name": "", "action": "", "duration_ms": 0}
{"timestamp": "2026-06-24T22:44:41", "level": "INFO", "logger": "agent.cognitive.failure_collector", "message": "[FailureCollector] 添加告警规则: 严重API虚构告警 (critical_api_fiction)", "trace_id": "", "module_name": "", "action": "", "duration_ms": 0}
{"timestamp": "2026-06-24T22:44:41", "level": "INFO", "logger": "agent.cognitive.failure_collector", "message": "[FailureCollector] 添加告警规则: 高频数据虚构告警 (high_data_invention)", "trace_id": "", "module_name": "", "action": "", "duration_ms": 0}
{"timestamp": "2026-06-24T22:44:41", "level": "INFO", "logger": "agent.cognitive.failure_collector", "message": "[FailureCollector] 添加告警规则: 流程跳步告警 (flow_skip_warning)", "trace_id": "", "module_name": "", "action": "", "duration_ms": 0}
{"timestamp": "2026-06-24T22:44:41", "level": "INFO", "logger": "agent.cognitive.failure_collector", "message": "[FailureCollector] 添加告警规则: 任意严重失败告警 (any_critical)", "trace_id": "", "module_name": "", "action": "", "duration_ms": 0}
{"timestamp": "2026-06-24T22:44:41", "level": "INFO", "logger": "agent.cognitive.failure_collector", "message": "{\"trace_id\": \"\", \"module_name\": \"failure_collector\", \"action\": \"initialize\", \"rule_count\": 4, \"duration_ms\": 0, \"level\": \"INFO\"}", "trace_id": "", "module_name": "", "action": "", "duration_ms": 0}
{"timestamp": "2026-06-24T22:44:41", "level": "INFO", "logger": "agent.cognitive.failure_collector", "message": "[FailureCollector] 失败案例收集器初始化完成", "trace_id": "", "module_name": "", "action": "", "duration_ms": 0}
{"timestamp": "2026-06-24T22:44:41", "level": "INFO", "logger": "root", "message": "{\"trace_id\": \"\", \"module_name\": \"logging_config\", \"action\": \"setup_production_logging\", \"failure_collection\": \"enabled\", \"duration_ms\": 0, \"level\": \"INFO\"}", "trace_id": "", "module_name": "", "action": "", "duration_ms": 0}
{"timestamp": "2026-06-24T22:44:41", "level": "INFO", "logger": "root", "message": "生产环境日志系统配置完成", "trace_id": "", "module_name": "", "action": "", "duration_ms": 0}
{"timestamp": "2026-06-24T22:44:41", "level": "INFO", "logger": "root", "message": "生产环境配置完成", "trace_id": "", "module_name": "", "action": "", "duration_ms": 0}
{"timestamp": "2026-06-24T22:44:41", "level": "INFO", "logger": "root", "message": "已加载 4 条告警规则", "trace_id": "", "module_name": "", "action": "", "duration_ms": 0}
{"timestamp": "2026-06-24T22:44:41", "level": "INFO", "logger": "agent.prompt_manager.storage", "message": "[PromptManager] 初始化存储，路径: C:\\Windows\\TEMP\\prod_deploy_2jhkc1un\\prompts.db", "trace_id": "", "module_name": "", "action": "", "duration_ms": 0}
{"timestamp": "2026-06-24T22:46:42", "level": "INFO", "logger": "agent.cognitive.failure_analysis", "message": "[FailureAnalysis] 初始化失败分析器，存储路径: C:\\Users\\Administrator\\agent\\agent\\cognitive\\..\\..\\data\\failures", "trace_id": "", "module_name": "", "action": "", "duration_ms": 0}
{"timestamp": "2026-06-24T22:46:42", "level": "INFO", "logger": "agent.cognitive.failure_analysis", "message": "[FailureAnalysis] 数据库初始化完成", "trace_id": "", "module_name": "", "action": "", "duration_ms": 0}
{"timestamp": "2026-06-24T22:46:42", "level": "INFO", "logger": "agent.cognitive.failure_collector", "message": "[FailureCollector] 添加告警规则: 严重API虚构告警 (critical_api_fiction)", "trace_id": "", "module_name": "", "action": "", "duration_ms": 0}
{"timestamp": "2026-06-24T22:46:42", "level": "INFO", "logger": "agent.cognitive.failure_collector", "message": "[FailureCollector] 添加告警规则: 高频数据虚构告警 (high_data_invention)", "trace_id": "", "module_name": "", "action": "", "duration_ms": 0}
{"timestamp": "2026-06-24T22:46:42", "level": "INFO", "logger": "agent.cognitive.failure_collector", "message": "[FailureCollector] 添加告警规则: 流程跳步告警 (flow_skip_warning)", "trace_id": "", "module_name": "", "action": "", "duration_ms": 0}
{"timestamp": "2026-06-24T22:46:42", "level": "INFO", "logger": "agent.cognitive.failure_collector", "message": "[FailureCollector] 添加告警规则: 任意严重失败告警 (any_critical)", "trace_id": "", "module_name": "", "action": "", "duration_ms": 0}
{"timestamp": "2026-06-24T22:46:42", "level": "INFO", "logger": "agent.cognitive.failure_collector", "message": "{\"trace_id\": \"\", \"module_name\": \"failure_collector\", \"action\": \"initialize\", \"rule_count\": 4, \"duration_ms\": 0, \"level\": \"INFO\"}", "trace_id": "", "module_name": "", "action": "", "duration_ms": 0}
{"timestamp": "2026-06-24T22:46:42", "level": "INFO", "logger": "agent.cognitive.failure_collector", "message": "[FailureCollector] 失败案例收集器初始化完成", "trace_id": "", "module_name": "", "action": "", "duration_ms": 0}
{"timestamp": "2026-06-24T22:46:42", "level": "INFO", "logger": "root", "message": "{\"trace_id\": \"\", \"module_name\": \"logging_config\", \"action\": \"setup_production_logging\", \"failure_collection\": \"enabled\", \"duration_ms\": 0, \"level\": \"INFO\"}", "trace_id": "", "module_name": "", "action": "", "duration_ms": 0}
{"timestamp": "2026-06-24T22:46:42", "level": "INFO", "logger": "root", "message": "生产环境日志系统配置完成", "trace_id": "", "module_name": "", "action": "", "duration_ms": 0}
{"timestamp": "2026-06-24T22:46:42", "level": "INFO", "logger": "root", "message": "生产环境配置完成", "trace_id": "", "module_name": "", "action": "", "duration_ms": 0}
{"timestamp": "2026-06-24T22:46:42", "level": "INFO", "logger": "root", "message": "已加载 4 条告警规则", "trace_id": "", "module_name": "", "action": "", "duration_ms": 0}
{"timestamp": "2026-06-24T22:46:42", "level": "INFO", "logger": "agent.prompt_manager.storage", "message": "[PromptManager] 初始化存储，路径: C:\\Windows\\TEMP\\prod_deploy_un1g5jvf\\prompts.db", "trace_id": "", "module_name": "", "action": "", "duration_ms": 0}
{"timestamp": "2026-06-24T22:46:42", "level": "INFO", "logger": "agent.prompt_manager.storage", "message": "[PromptManager] 数据库初始化完成", "trace_id": "", "module_name": "", "action": "", "duration_ms": 0}
{"timestamp": "2026-06-24T22:46:42", "level": "INFO", "logger": "agent.prompt_manager.storage", "message": "[PromptManager] 创建提示词: prod_demo_prompt", "trace_id": "", "module_name": "", "action": "", "duration_ms": 0}
{"timestamp": "2026-06-24T22:46:42", "level": "INFO", "logger": "agent.prompt_manager.storage", "message": "[PromptManager] 创建版本: ccb3d94f-6f8e-43f6-a570-cefd01be2a46, prompt_id=prod_demo_prompt", "trace_id": "", "module_name": "", "action": "", "duration_ms": 0}
{"timestamp": "2026-06-24T22:46:42", "level": "INFO", "logger": "agent.prompt_manager.version_control", "message": "{\"trace_id\": \"\", \"module_name\": \"prompt_manager\", \"action\": \"create_version\", \"prompt_id\": \"prod_demo_prompt\", \"version\": \"1.0.0\", \"duration_ms\": 0, \"level\": \"INFO\"}", "trace_id": "", "module_name": "", "action": "", "duration_ms": 0}
{"timestamp": "2026-06-24T22:46:42", "level": "INFO", "logger": "agent.prompt_manager.storage", "message": "[PromptManager] 更新提示词: prod_demo_prompt", "trace_id": "", "module_name": "", "action": "", "duration_ms": 0}
{"timestamp": "2026-06-24T22:46:42", "level": "INFO", "logger": "agent.prompt_manager.storage", "message": "[PromptManager] 创建版本: 8d545c53-e82d-4f34-9932-38ab0bec0179, prompt_id=prod_demo_prompt", "trace_id": "", "module_name": "", "action": "", "duration_ms": 0}
{"timestamp": "2026-06-24T22:46:42", "level": "INFO", "logger": "agent.prompt_manager.version_control", "message": "{\"trace_id\": \"\", \"module_name\": \"prompt_manager\", \"action\": \"create_version\", \"prompt_id\": \"prod_demo_prompt\", \"version\": \"1.0.1\", \"duration_ms\": 0, \"level\": \"INFO\"}", "trace_id": "", "module_name": "", "action": "", "duration_ms": 0}
{"timestamp": "2026-06-24T22:46:42", "level": "INFO", "logger": "agent.prompt_manager.deployment", "message": "{\"trace_id\": \"\", \"module_name\": \"deployment_manager\", \"action\": \"register_health_checker\", \"prompt_id\": \"prod_demo_prompt\", \"duration_ms\": 0, \"level\": \"INFO\"}", "trace_id": "", "module_name": "", "action": "", "duration_ms": 0}
{"timestamp": "2026-06-24T22:46:42", "level": "INFO", "logger": "agent.prompt_manager.storage", "message": "[PromptManager] 初始化存储，路径: C:\\Users\\Administrator\\agent\\agent\\prompt_manager\\..\\..\\data\\prompts", "trace_id": "", "module_name": "", "action": "", "duration_ms": 0}
{"timestamp": "2026-06-24T22:46:42", "level": "INFO", "logger": "agent.prompt_manager.storage", "message": "[PromptManager] 数据库初始化完成", "trace_id": "", "module_name": "", "action": "", "duration_ms": 0}
{"timestamp": "2026-06-24T22:46:42", "level": "INFO", "logger": "agent.prompt_manager.deployment", "message": "[部署] 部署前检查通过: prod_demo_prompt", "trace_id": "", "module_name": "", "action": "", "duration_ms": 0}
{"timestamp": "2026-06-24T22:46:42", "level": "INFO", "logger": "agent.prompt_manager.deployment", "message": "{\"trace_id\": \"\", \"module_name\": \"deployment_manager\", \"action\": \"start_deployment\", \"deployment_id\": \"deploy_1782312402_prod_demo_prompt\", \"prompt_id\": \"prod_demo_prompt\", \"target_version\": \"1.0.1\", \"canary\": true, \"duration_ms\": 0, \"level\": \"INFO\"}", "trace_id": "", "module_name": "", "action": "", "duration_ms": 0}
{"timestamp": "2026-06-24T22:46:43", "level": "INFO", "logger": "agent.prompt_manager.deployment", "message": "[部署] 开始灰度发布: 20% 流量", "trace_id": "", "module_name": "", "action": "", "duration_ms": 0}
{"timestamp": "2026-06-24T22:46:48", "level": "INFO", "logger": "agent.prompt_manager.deployment", "message": "[部署] 灰度发布完成，准备全量上线", "trace_id": "", "module_name": "", "action": "", "duration_ms": 0}
{"timestamp": "2026-06-24T22:46:48", "level": "INFO", "logger": "agent.prompt_manager.deployment", "message": "[部署] 部署后验证通过", "trace_id": "", "module_name": "", "action": "", "duration_ms": 0}
{"timestamp": "2026-06-24T22:46:48", "level": "INFO", "logger": "agent.prompt_manager.deployment", "message": "{\"trace_id\": \"\", \"module_name\": \"deployment_manager\", \"action\": \"deployment_success\", \"deployment_id\": \"deploy_1782312402_prod_demo_prompt\", \"prompt_id\": \"prod_demo_prompt\", \"version\": \"1.0.1\", \"duration_ms\": 6004, \"level\": \"INFO\"}", "trace_id": "", "module_name": "", "action": "", "duration_ms": 0}
{"timestamp": "2026-06-24T22:46:48", "level": "INFO", "logger": "agent.prompt_manager.storage", "message": "[PromptManager] 更新提示词: prod_demo_prompt", "trace_id": "", "module_name": "", "action": "", "duration_ms": 0}
{"timestamp": "2026-06-24T22:46:48", "level": "INFO", "logger": "agent.prompt_manager.storage", "message": "[PromptManager] 创建版本: 0d2a80ba-ebfa-40c3-897c-ecd65a518f4e, prompt_id=prod_demo_prompt", "trace_id": "", "module_name": "", "action": "", "duration_ms": 0}
{"timestamp": "2026-06-24T22:46:48", "level": "INFO", "logger": "agent.prompt_manager.version_control", "message": "{\"trace_id\": \"\", \"module_name\": \"prompt_manager\", \"action\": \"create_version\", \"prompt_id\": \"prod_demo_prompt\", \"version\": \"1.0.2\", \"duration_ms\": 0, \"level\": \"INFO\"}", "trace_id": "", "module_name": "", "action": "", "duration_ms": 0}
{"timestamp": "2026-06-24T22:46:48", "level": "INFO", "logger": "agent.prompt_manager.deployment", "message": "[部署] 部署前检查通过: prod_demo_prompt", "trace_id": "", "module_name": "", "action": "", "duration_ms": 0}
{"timestamp": "2026-06-24T22:46:48", "level": "INFO", "logger": "agent.prompt_manager.deployment", "message": "{\"trace_id\": \"\", \"module_name\": \"deployment_manager\", \"action\": \"start_deployment\", \"deployment_id\": \"deploy_1782312408_prod_demo_prompt\", \"prompt_id\": \"prod_demo_prompt\", \"target_version\": \"1.0.2\", \"canary\": true, \"duration_ms\": 0, \"level\": \"INFO\"}", "trace_id": "", "module_name": "", "action": "", "duration_ms": 0}
{"timestamp": "2026-06-24T22:46:49", "level": "INFO", "logger": "agent.prompt_manager.deployment", "message": "[部署] 开始灰度发布: 10% 流量", "trace_id": "", "module_name": "", "action": "", "duration_ms": 0}
{"timestamp": "2026-06-24T22:46:50", "level": "WARNING", "logger": "agent.prompt_manager.deployment", "message": "{\"trace_id\": \"\", \"module_name\": \"deployment_manager\", \"action\": \"trigger_rollback\", \"deployment_id\": \"deploy_1782312408_prod_demo_prompt\", \"prompt_id\": \"prod_demo_prompt\", \"trigger\": \"error_rate\", \"reason\": \"\\u9519\\u8bef\\u7387\\u8d85\\u6807: 100.00% > 30.00%\", \"duration_ms\": 0, \"level\": \"WARNING\"}", "trace_id": "", "module_name": "", "action": "", "duration_ms": 0}
{"timestamp": "2026-06-24T22:46:50", "level": "INFO", "logger": "agent.cognitive.failure_analysis", "message": "{\"trace_id\": \"\", \"module_name\": \"failure_analysis\", \"action\": \"classify_failure\", \"message\": \"\\u56de\\u6eda\\u5931\\u8d25: \\u7248\\u672c\\u4e0d\\u5b58\\u5728: unknown\", \"duration_ms\": 0, \"level\": \"INFO\"}", "trace_id": "", "module_name": "", "action": "", "duration_ms": 0}
{"timestamp": "2026-06-24T22:46:50", "level": "WARNING", "logger": "agent.cognitive.failure_analysis", "message": "[FailureAnalysis] ⚠️ 未识别的失败类型，消息: 回滚失败: 版本不存在: unknown", "trace_id": "", "module_name": "", "action": "", "duration_ms": 0}
{"timestamp": "2026-06-24T22:46:50", "level": "INFO", "logger": "agent.cognitive.failure_analysis", "message": "[FailureAnalysis] 📝 开始记录失败案例", "trace_id": "", "module_name": "", "action": "", "duration_ms": 0}
{"timestamp": "2026-06-24T22:46:50", "level": "INFO", "logger": "agent.cognitive.failure_analysis", "message": "[FailureAnalysis]   trace_id: unknown", "trace_id": "", "module_name": "", "action": "", "duration_ms": 0}
{"timestamp": "2026-06-24T22:46:50", "level": "INFO", "logger": "agent.cognitive.failure_analysis", "message": "[FailureAnalysis]   failure_type: unknown", "trace_id": "", "module_name": "", "action": "", "duration_ms": 0}
{"timestamp": "2026-06-24T22:46:50", "level": "INFO", "logger": "agent.cognitive.failure_analysis", "message": "[FailureAnalysis]   severity: high", "trace_id": "", "module_name": "", "action": "", "duration_ms": 0}
{"timestamp": "2026-06-24T22:46:50", "level": "INFO", "logger": "agent.cognitive.failure_analysis", "message": "[FailureAnalysis]   source: agent.prompt_manager.deployment", "trace_id": "", "module_name": "", "action": "", "duration_ms": 0}
{"timestamp": "2026-06-24T22:46:50", "level": "INFO", "logger": "agent.cognitive.failure_analysis", "message": "[FailureAnalysis]   message: 回滚失败: 版本不存在: unknown...", "trace_id": "", "module_name": "", "action": "", "duration_ms": 0}
{"timestamp": "2026-06-24T22:46:50", "level": "INFO", "logger": "agent.cognitive.failure_analysis", "message": "[FailureAnalysis]   evidence_count: 0", "trace_id": "", "module_name": "", "action": "", "duration_ms": 0}
{"timestamp": "2026-06-24T22:46:50", "level": "INFO", "logger": "agent.cognitive.failure_analysis", "message": "[FailureAnalysis] ✅ 失败案例写入数据库成功", "trace_id": "", "module_name": "", "action": "", "duration_ms": 0}
{"timestamp": "2026-06-24T22:46:50", "level": "INFO", "logger": "agent.cognitive.failure_analysis", "message": "{\"trace_id\": \"unknown\", \"module_name\": \"failure_analysis\", \"action\": \"record_failure\", \"failure_type\": \"unknown\", \"severity\": \"high\", \"duration_ms\": 0, \"level\": \"INFO\"}", "trace_id": "", "module_name": "", "action": "", "duration_ms": 0}
{"timestamp": "2026-06-24T22:46:50", "level": "INFO", "logger": "agent.cognitive.failure_analysis", "message": "[FailureAnalysis] ✅ 记录失败案例完成: unknown, trace_id=unknown", "trace_id": "", "module_name": "", "action": "", "duration_ms": 0}
{"timestamp": "2026-06-24T22:46:50", "level": "INFO", "logger": "agent.cognitive.failure_analysis", "message": "{\"trace_id\": \"\", \"module_name\": \"failure_analysis\", \"action\": \"classify_failure\", \"message\": \"\\u56de\\u6eda\\u5931\\u8d25: \\u7248\\u672c\\u4e0d\\u5b58\\u5728: unknown\", \"duration_ms\": 0, \"level\": \"INFO\"}", "trace_id": "", "module_name": "", "action": "", "duration_ms": 0}
{"timestamp": "2026-06-24T22:46:50", "level": "WARNING", "logger": "agent.cognitive.failure_analysis", "message": "[FailureAnalysis] ⚠️ 未识别的失败类型，消息: 回滚失败: 版本不存在: unknown", "trace_id": "", "module_name": "", "action": "", "duration_ms": 0}
{"timestamp": "2026-06-24T22:46:50", "level": "INFO", "logger": "agent.cognitive.failure_analysis", "message": "[FailureAnalysis] 📝 开始记录失败案例", "trace_id": "", "module_name": "", "action": "", "duration_ms": 0}
{"timestamp": "2026-06-24T22:46:50", "level": "INFO", "logger": "agent.cognitive.failure_analysis", "message": "[FailureAnalysis]   trace_id: unknown", "trace_id": "", "module_name": "", "action": "", "duration_ms": 0}
{"timestamp": "2026-06-24T22:46:50", "level": "INFO", "logger": "agent.cognitive.failure_analysis", "message": "[FailureAnalysis]   failure_type: unknown", "trace_id": "", "module_name": "", "action": "", "duration_ms": 0}
{"timestamp": "2026-06-24T22:46:50", "level": "INFO", "logger": "agent.cognitive.failure_analysis", "message": "[FailureAnalysis]   severity: high", "trace_id": "", "module_name": "", "action": "", "duration_ms": 0}
{"timestamp": "2026-06-24T22:46:50", "level": "INFO", "logger": "agent.cognitive.failure_analysis", "message": "[FailureAnalysis]   source: agent.prompt_manager.deployment", "trace_id": "", "module_name": "", "action": "", "duration_ms": 0}
{"timestamp": "2026-06-24T22:46:50", "level": "INFO", "logger": "agent.cognitive.failure_analysis", "message": "[FailureAnalysis]   message: 回滚失败: 版本不存在: unknown...", "trace_id": "", "module_name": "", "action": "", "duration_ms": 0}
{"timestamp": "2026-06-24T22:46:50", "level": "INFO", "logger": "agent.cognitive.failure_analysis", "message": "[FailureAnalysis]   evidence_count: 0", "trace_id": "", "module_name": "", "action": "", "duration_ms": 0}
{"timestamp": "2026-06-24T22:46:50", "level": "INFO", "logger": "agent.cognitive.failure_analysis", "message": "[FailureAnalysis] ✅ 失败案例写入数据库成功", "trace_id": "", "module_name": "", "action": "", "duration_ms": 0}
{"timestamp": "2026-06-24T22:46:50", "level": "INFO", "logger": "agent.cognitive.failure_analysis", "message": "{\"trace_id\": \"unknown\", \"module_name\": \"failure_analysis\", \"action\": \"record_failure\", \"failure_type\": \"unknown\", \"severity\": \"high\", \"duration_ms\": 0, \"level\": \"INFO\"}", "trace_id": "", "module_name": "", "action": "", "duration_ms": 0}
{"timestamp": "2026-06-24T22:46:50", "level": "INFO", "logger": "agent.cognitive.failure_analysis", "message": "[FailureAnalysis] ✅ 记录失败案例完成: unknown, trace_id=unknown", "trace_id": "", "module_name": "", "action": "", "duration_ms": 0}
{"timestamp": "2026-06-24T22:46:50", "level": "ERROR", "logger": "agent.prompt_manager.deployment", "message": "回滚失败: 版本不存在: unknown", "trace_id": "", "module_name": "", "action": "", "duration_ms": 0}
{"timestamp": "2026-06-24T22:46:50", "level": "INFO", "logger": "agent.prompt_manager.deployment", "message": "[部署] 部署后验证通过", "trace_id": "", "module_name": "", "action": "", "duration_ms": 0}
{"timestamp": "2026-06-24T22:46:50", "level": "INFO", "logger": "agent.prompt_manager.deployment", "message": "{\"trace_id\": \"\", \"module_name\": \"deployment_manager\", \"action\": \"deployment_success\", \"deployment_id\": \"deploy_1782312408_prod_demo_prompt\", \"prompt_id\": \"prod_demo_prompt\", \"version\": \"1.0.2\", \"duration_ms\": 2027, \"level\": \"INFO\"}", "trace_id": "", "module_name": "", "action": "", "duration_ms": 0}
